{
  "meta": {
    "format": 2,
    "version": "7.5.0",
    "timestamp": "2024-05-12T21:12:44.214347",
    "branch_coverage": false,
    "show_contexts": false
  },
  "files": {
    "docs/sphinx/conf.py": {
      "executed_lines": [
        1, 2, 3, 4, 5, 6, 8, 9, 10, 12, 14, 20, 21, 28, 30, 38, 39, 40, 41, 42,
        43, 55, 72
      ],
      "summary": {
        "covered_lines": 23,
        "num_statements": 34,
        "percent_covered": 67.6470588235294,
        "percent_covered_display": "68",
        "missing_lines": 11,
        "excluded_lines": 0
      },
      "missing_lines": [56, 57, 59, 61, 62, 63, 65, 66, 68, 69, 73],
      "excluded_lines": []
    },
    "src/__init__.py": {
      "executed_lines": [1],
      "summary": {
        "covered_lines": 1,
        "num_statements": 1,
        "percent_covered": 100.0,
        "percent_covered_display": "100",
        "missing_lines": 0,
        "excluded_lines": 0
      },
      "missing_lines": [],
      "excluded_lines": []
    },
    "src/tree.py": {
      "executed_lines": [
        1, 2, 3, 4, 7, 21, 22, 23, 25, 26, 28, 29, 31, 34, 52, 53, 55
      ],
      "summary": {
        "covered_lines": 17,
        "num_statements": 17,
        "percent_covered": 100.0,
        "percent_covered_display": "100",
        "missing_lines": 0,
        "excluded_lines": 0
      },
      "missing_lines": [],
      "excluded_lines": []
    },
    "test/__init__.py": {
      "executed_lines": [1],
      "summary": {
        "covered_lines": 0,
        "num_statements": 0,
        "percent_covered": 100.0,
        "percent_covered_display": "100",
        "missing_lines": 0,
        "excluded_lines": 0
      },
      "missing_lines": [],
      "excluded_lines": []
    },
    "test/conftest.py": {
      "executed_lines": [1, 3],
      "summary": {
        "covered_lines": 2,
        "num_statements": 2,
        "percent_covered": 100.0,
        "percent_covered_display": "100",
        "missing_lines": 0,
        "excluded_lines": 0
      },
      "missing_lines": [],
      "excluded_lines": []
    },
    "test/fixtures/child/three.py": {
      "executed_lines": [1],
      "summary": {
        "covered_lines": 0,
        "num_statements": 0,
        "percent_covered": 100.0,
        "percent_covered_display": "100",
        "missing_lines": 0,
        "excluded_lines": 0
      },
      "missing_lines": [],
      "excluded_lines": []
    },
    "test/fixtures/one.py": {
      "executed_lines": [1],
      "summary": {
        "covered_lines": 0,
        "num_statements": 0,
        "percent_covered": 100.0,
        "percent_covered_display": "100",
        "missing_lines": 0,
        "excluded_lines": 0
      },
      "missing_lines": [],
      "excluded_lines": []
    },
    "test/fixtures/two.py": {
      "executed_lines": [1],
      "summary": {
        "covered_lines": 0,
        "num_statements": 0,
        "percent_covered": 100.0,
        "percent_covered_display": "100",
        "missing_lines": 0,
        "excluded_lines": 0
      },
      "missing_lines": [],
      "excluded_lines": []
    },
    "test/test_tree.py": {
      "executed_lines": [
        1, 13, 14, 15, 16, 17, 19, 20, 22, 23, 24, 27, 28, 34, 38, 43
      ],
      "summary": {
        "covered_lines": 16,
        "num_statements": 16,
        "percent_covered": 100.0,
        "percent_covered_display": "100",
        "missing_lines": 0,
        "excluded_lines": 0
      },
      "missing_lines": [],
      "excluded_lines": []
    }
  },
  "totals": {
    "covered_lines": 59,
    "num_statements": 70,
    "percent_covered": 84.28571428571429,
    "percent_covered_display": "84",
    "missing_lines": 11,
    "excluded_lines": 0
  }
}
